<?xml version="1.0" encoding="UTF-8"?>
<testng-results ignored="0" total="1" passed="1" failed="0" skipped="0">
  <reporter-output>
  </reporter-output>
  <suite started-at="2020-12-21T09:05:21Z" name="Default suite" finished-at="2020-12-21T09:05:40Z" duration-ms="18960">
    <groups>
    </groups>
    <test started-at="2020-12-21T09:05:21Z" name="Default test" finished-at="2020-12-21T09:05:40Z" duration-ms="18960">
      <class name="com.internetBanking.Testcases.TC_login_Page">
        <test-method is-config="true" signature="setup()[pri:0, instance:com.internetBanking.Testcases.TC_login_Page@3c01cfa1]" started-at="2020-12-21T09:05:21Z" name="setup" finished-at="2020-12-21T09:05:28Z" duration-ms="6866" status="PASS">
          <reporter-output>
          </reporter-output>
        </test-method> <!-- setup -->
        <test-method signature="loginTest()[pri:0, instance:com.internetBanking.Testcases.TC_login_Page@3c01cfa1]" started-at="2020-12-21T09:05:28Z" name="loginTest" finished-at="2020-12-21T09:05:39Z" duration-ms="10969" status="PASS">
          <reporter-output>
          </reporter-output>
        </test-method> <!-- loginTest -->
        <test-method is-config="true" signature="teardown()[pri:0, instance:com.internetBanking.Testcases.TC_login_Page@3c01cfa1]" started-at="2020-12-21T09:05:39Z" name="teardown" finished-at="2020-12-21T09:05:40Z" duration-ms="1086" status="PASS">
          <reporter-output>
          </reporter-output>
        </test-method> <!-- teardown -->
      </class> <!-- com.internetBanking.Testcases.TC_login_Page -->
    </test> <!-- Default test -->
  </suite> <!-- Default suite -->
</testng-results>
