<?xml version="1.0" encoding="UTF-8"?>
<testng-results ignored="0" total="3" passed="3" failed="0" skipped="0">
  <reporter-output>
  </reporter-output>
  <suite started-at="2021-01-19T08:58:09Z" name="Default suite" finished-at="2021-01-19T08:58:09Z" duration-ms="61">
    <groups>
    </groups>
    <test started-at="2021-01-19T08:58:09Z" name="Default test" finished-at="2021-01-19T08:58:09Z" duration-ms="61">
      <class name="com.log.Log4jdemo">
        <test-method signature="setup()[pri:1, instance:com.log.Log4jdemo@14a50707]" started-at="2021-01-19T14:28:09Z" name="setup" finished-at="2021-01-19T14:28:09Z" duration-ms="25" status="PASS">
          <reporter-output>
          </reporter-output>
        </test-method> <!-- setup -->
        <test-method signature="login()[pri:2, instance:com.log.Log4jdemo@14a50707]" started-at="2021-01-19T14:28:09Z" name="login" finished-at="2021-01-19T14:28:09Z" duration-ms="1" status="PASS">
          <reporter-output>
          </reporter-output>
        </test-method> <!-- login -->
        <test-method signature="logout()[pri:3, instance:com.log.Log4jdemo@14a50707]" started-at="2021-01-19T14:28:09Z" name="logout" finished-at="2021-01-19T14:28:09Z" duration-ms="1" status="PASS">
          <reporter-output>
          </reporter-output>
        </test-method> <!-- logout -->
      </class> <!-- com.log.Log4jdemo -->
    </test> <!-- Default test -->
  </suite> <!-- Default suite -->
</testng-results>
