<?xml version="1.0" encoding="UTF-8"?>
<testng-results ignored="0" total="1" passed="1" failed="0" skipped="0">
  <reporter-output>
  </reporter-output>
  <suite started-at="2021-03-17T03:54:24Z" name="Default suite" finished-at="2021-03-17T03:54:25Z" duration-ms="1718">
    <groups>
    </groups>
    <test started-at="2021-03-17T03:54:24Z" name="Default test" finished-at="2021-03-17T03:54:25Z" duration-ms="1718">
      <class name="com.studentapi.GetApitest">
        <test-method is-config="true" signature="bastest()[pri:0, instance:com.studentapi.GetApitest@6cdba6dc]" started-at="2021-03-17T03:54:24Z" name="bastest" finished-at="2021-03-17T03:54:24Z" duration-ms="384" status="PASS">
          <reporter-output>
          </reporter-output>
        </test-method> <!-- bastest -->
        <test-method signature="getapitest()[pri:0, instance:com.studentapi.GetApitest@6cdba6dc]" started-at="2021-03-17T03:54:24Z" name="getapitest" finished-at="2021-03-17T03:54:25Z" duration-ms="1307" status="PASS">
          <reporter-output>
          </reporter-output>
        </test-method> <!-- getapitest -->
      </class> <!-- com.studentapi.GetApitest -->
    </test> <!-- Default test -->
  </suite> <!-- Default suite -->
</testng-results>
