<?xml version="1.0" encoding="UTF-8"?>
<testng-results ignored="0" total="2" passed="2" failed="0" skipped="0">
  <reporter-output>
  </reporter-output>
  <suite started-at="2021-03-13T14:21:22Z" name="SampleTest" finished-at="2021-03-13T14:21:22Z" duration-ms="127">
    <groups>
    </groups>
    <test started-at="2021-03-13T14:21:22Z" name="Test" finished-at="2021-03-13T14:21:22Z" duration-ms="127">
      <class name="org.repport.TestRunner">
        <test-method is-config="true" signature="TestStarts()[pri:0, instance:org.repport.TestRunner@1722011b]" started-at="2021-03-13T19:51:22Z" name="TestStarts" finished-at="2021-03-13T19:51:22Z" duration-ms="10" status="PASS">
          <reporter-output>
          </reporter-output>
        </test-method> <!-- TestStarts -->
        <test-method is-config="true" signature="OpenBrowser()[pri:0, instance:org.repport.TestRunner@1722011b]" started-at="2021-03-13T19:51:22Z" name="OpenBrowser" finished-at="2021-03-13T19:51:22Z" duration-ms="0" status="PASS">
          <reporter-output>
          </reporter-output>
        </test-method> <!-- OpenBrowser -->
        <test-method is-config="true" signature="OpenUrl()[pri:0, instance:org.repport.TestRunner@1722011b]" started-at="2021-03-13T19:51:22Z" name="OpenUrl" finished-at="2021-03-13T19:51:22Z" duration-ms="0" status="PASS">
          <reporter-output>
          </reporter-output>
        </test-method> <!-- OpenUrl -->
        <test-method is-config="true" signature="modulename()[pri:0, instance:org.repport.TestRunner@1722011b]" started-at="2021-03-13T19:51:22Z" name="modulename" finished-at="2021-03-13T19:51:22Z" duration-ms="1" status="PASS">
          <reporter-output>
          </reporter-output>
        </test-method> <!-- modulename -->
        <test-method signature="tc1()[pri:0, instance:org.repport.TestRunner@1722011b]" started-at="2021-03-13T19:51:22Z" name="tc1" finished-at="2021-03-13T19:51:22Z" duration-ms="3" status="PASS">
          <reporter-output>
          </reporter-output>
        </test-method> <!-- tc1 -->
        <test-method is-config="true" signature="modulename1()[pri:0, instance:org.repport.TestRunner@1722011b]" started-at="2021-03-13T19:51:22Z" name="modulename1" finished-at="2021-03-13T19:51:22Z" duration-ms="0" status="PASS">
          <reporter-output>
          </reporter-output>
        </test-method> <!-- modulename1 -->
        <test-method signature="tc2()[pri:0, instance:org.repport.TestRunner@1722011b]" started-at="2021-03-13T19:51:22Z" name="tc2" finished-at="2021-03-13T19:51:22Z" duration-ms="2" status="PASS">
          <reporter-output>
          </reporter-output>
        </test-method> <!-- tc2 -->
        <test-method is-config="true" signature="modulename()[pri:0, instance:org.repport.TestRunner@1722011b]" started-at="2021-03-13T19:51:22Z" name="modulename" finished-at="2021-03-13T19:51:22Z" duration-ms="0" status="PASS">
          <reporter-output>
          </reporter-output>
        </test-method> <!-- modulename -->
        <test-method is-config="true" signature="modulename1()[pri:0, instance:org.repport.TestRunner@1722011b]" started-at="2021-03-13T19:51:22Z" name="modulename1" finished-at="2021-03-13T19:51:22Z" duration-ms="1" status="PASS">
          <reporter-output>
          </reporter-output>
        </test-method> <!-- modulename1 -->
        <test-method is-config="true" signature="CloseBrowser()[pri:0, instance:org.repport.TestRunner@1722011b]" started-at="2021-03-13T19:51:22Z" name="CloseBrowser" finished-at="2021-03-13T19:51:22Z" duration-ms="1" status="PASS">
          <reporter-output>
          </reporter-output>
        </test-method> <!-- CloseBrowser -->
        <test-method is-config="true" signature="close()[pri:0, instance:org.repport.TestRunner@1722011b]" started-at="2021-03-13T19:51:22Z" name="close" finished-at="2021-03-13T19:51:22Z" duration-ms="0" status="PASS">
          <reporter-output>
          </reporter-output>
        </test-method> <!-- close -->
        <test-method is-config="true" signature="TestEnds()[pri:0, instance:org.repport.TestRunner@1722011b]" started-at="2021-03-13T19:51:22Z" name="TestEnds" finished-at="2021-03-13T19:51:22Z" duration-ms="2" status="PASS">
          <reporter-output>
          </reporter-output>
        </test-method> <!-- TestEnds -->
      </class> <!-- org.repport.TestRunner -->
    </test> <!-- Test -->
  </suite> <!-- SampleTest -->
</testng-results>
