<?xml version="1.0" encoding="UTF-8"?>
<testng-results ignored="0" total="1" passed="1" failed="0" skipped="0">
  <reporter-output>
  </reporter-output>
  <suite started-at="2020-12-16T05:42:35Z" name="Default suite" finished-at="2020-12-16T05:42:35Z" duration-ms="20">
    <groups>
    </groups>
    <test started-at="2020-12-16T05:42:35Z" name="Default test" finished-at="2020-12-16T05:42:35Z" duration-ms="20">
      <class name="org.mob.Sample">
        <test-method is-config="true" signature="start()[pri:0, instance:org.mob.Sample@704deff2]" started-at="2020-12-16T11:12:35Z" name="start" finished-at="2020-12-16T11:12:35Z" duration-ms="9" status="PASS">
          <reporter-output>
          </reporter-output>
        </test-method> <!-- start -->
        <test-method is-config="true" signature="sysou()[pri:0, instance:org.mob.Sample@704deff2]" started-at="2020-12-16T11:12:35Z" name="sysou" finished-at="2020-12-16T11:12:35Z" duration-ms="0" status="PASS">
          <reporter-output>
          </reporter-output>
        </test-method> <!-- sysou -->
        <test-method is-config="true" signature="lunchbrowser()[pri:0, instance:org.mob.Sample@704deff2]" started-at="2020-12-16T11:12:35Z" name="lunchbrowser" finished-at="2020-12-16T11:12:35Z" duration-ms="0" status="PASS">
          <reporter-output>
          </reporter-output>
        </test-method> <!-- lunchbrowser -->
        <test-method signature="tc1()[pri:0, instance:org.mob.Sample@704deff2]" started-at="2020-12-16T11:12:35Z" name="tc1" finished-at="2020-12-16T11:12:35Z" duration-ms="5" status="PASS">
          <reporter-output>
          </reporter-output>
        </test-method> <!-- tc1 -->
      </class> <!-- org.mob.Sample -->
    </test> <!-- Default test -->
  </suite> <!-- Default suite -->
</testng-results>
