<?xml version="1.0" encoding="UTF-8"?>
<!-- Generated by org.testng.reporters.JUnitXMLReporter -->
<testsuite ignored="0" hostname="IN1LT1496" failures="1" tests="1" name="Test" time="9.341" errors="0" timestamp="21 Dec 2020 08:23:20 GMT">
  <testcase classname="com.internetBanking.Testcases.TC_login_Page" name="loginTest" time="2.976">
    <failure type="java.lang.NullPointerException" message="Cannot invoke &amp;quot;org.apache.log4j.Logger.info(Object)&amp;quot; because &amp;quot;com.internetBanking.Testcases.TC_login_Page.logger&amp;quot; is null">
      <![CDATA[java.lang.NullPointerException: Cannot invoke "org.apache.log4j.Logger.info(Object)" because "com.internetBanking.Testcases.TC_login_Page.logger" is null
at com.internetBanking.Testcases.TC_login_Page.loginTest(TC_login_Page.java:21)
... Removed 25 stack frames]]>
    </failure>
  </testcase> <!-- loginTest -->
</testsuite> <!-- Test -->
