<?xml version="1.0" encoding="UTF-8"?>
<!-- Generated by org.testng.reporters.JUnitXMLReporter -->
<testsuite ignored="0" hostname="IN1LT1496" failures="1" tests="3" name="Test" time="0.032" errors="0" timestamp="20 Dec 2020 13:27:12 GMT">
  <testcase classname="jca.ParallelExcu2" name="tc1" time="0.007"/>
  <testcase classname="jca.ParallelExcu2" name="tc2" time="0.001"/>
  <testcase classname="jca.ParallelExcu2" name="tc3" time="0.002">
    <failure type="java.lang.AssertionError" message="expected [true] but found [false]">
      <![CDATA[java.lang.AssertionError: expected [true] but found [false]
	at jca.ParallelExcu2.tc3(ParallelExcu2.java:30)
... Removed 31 stack frames]]>
    </failure>
  </testcase> <!-- tc3 -->
</testsuite> <!-- Test -->
